<?xml version="1.0" encoding="UTF-8" ?>
<testsuite tests="9" failures="0" name="io.grpc.examples.routeguide.RouteGuideClientTest" time="0.518" errors="0" skipped="0">
  <properties>
[...]
</properties>
  <testcase classname="io.grpc.examples.routeguide.RouteGuideClientTest" name="recordRoute_serverError" time="0.021"/>
  <testcase classname="io.grpc.examples.routeguide.RouteGuideClientTest" name="routeChat_echoResponse" time="0.047"/>
  <testcase classname="io.grpc.examples.routeguide.RouteGuideClientTest" name="routeChat_simpleResponse" time="0.056"/>
  <testcase classname="io.grpc.examples.routeguide.RouteGuideClientTest" name="getFeature" time="0.013"/>
  <testcase classname="io.grpc.examples.routeguide.RouteGuideClientTest" name="routeChat_errorResponse" time="0.017"/>
  <testcase classname="io.grpc.examples.routeguide.RouteGuideClientTest" name="listFeatures" time="0.317"/>
  <testcase classname="io.grpc.examples.routeguide.RouteGuideClientTest" name="recordRoute" time="0.018"/>
  <testcase classname="io.grpc.examples.routeguide.RouteGuideClientTest" name="listFeatures_error" time="0.017"/>
  <testcase classname="io.grpc.examples.routeguide.RouteGuideClientTest" name="getFeature_error" time="0.012"/>
</testsuite>